<?xml version="1.0" encoding="utf-8"?><testsuites name="pytest tests"><testsuite name="pytest" errors="0" failures="1" skipped="0" tests="24" time="0.551" timestamp="2026-07-27T02:46:09.682121+00:00" hostname="agent-env-de176600-6990-442b-9c13-7c1ff94cd6fa"><testcase classname="tests.test_p1_marker_pin_vitals_encounters" name="test_catalog_dispatch_and_methods_are_complete" time="0.002" /><testcase classname="tests.test_p1_marker_pin_vitals_encounters" name="test_marker_interpolation_reuses_nodes_and_reduced_motion_parses" time="0.023" /><testcase classname="tests.test_p1_marker_pin_vitals_encounters" name="test_pin_share_code_extracted_runtime_roundtrip_and_limits" time="0.028" /><testcase classname="tests.test_p1_marker_pin_vitals_encounters" name="test_pin_type_whitelist_rejects_inherited_object_keys" time="0.026"><failure message="AssertionError: node:assert:90&#10;    throw new AssertionError(obj);&#10;    ^&#10;  &#10;  AssertionError [ERR_ASSERTION]: inherited property bypassed the pin type whitelist&#10;  &#10;  1 !== 0&#10;  &#10;      at Object.&lt;anonymous&gt; (/tmp/pytest-of-root/pytest-1/test_pin_type_whitelist_reject0/pin-share-harness.cjs:29:8)&#10;      at Module._compile (node:internal/modules/cjs/loader:1521:14)&#10;      at Module._extensions..js (node:internal/modules/cjs/loader:1623:10)&#10;      at Module.load (node:internal/modules/cjs/loader:1266:32)&#10;      at Module._load (node:internal/modules/cjs/loader:1091:12)&#10;      at Function.executeUserEntryPoint [as runMain] (node:internal/modules/run_main:164:12)&#10;      at node:internal/main/run_main_module:28:49 {&#10;    generatedMessage: false,&#10;    code: 'ERR_ASSERTION',&#10;    actual: 1,&#10;    expected: 0,&#10;    operator: 'strictEqual'&#10;  }&#10;  &#10;  Node.js v20.20.2&#10;  &#10;assert 1 == 0&#10; +  where 1 = CompletedProcess(args=['node', '/tmp/pytest-of-root/pytest-1/test_pin_type_whitelist_reject0/pin-share-harness.cjs'], returncode=1, stdout='', stderr=&quot;node:assert:90\n  throw new AssertionError(obj);\n  ^\n\nAssertionError [ERR_ASSERTION]: inherited property bypassed the pin type whitelist\n\n1 !== 0\n\n    at Object.&lt;anonymous&gt; (/tmp/pytest-of-root/pytest-1/test_pin_type_whitelist_reject0/pin-share-harness.cjs:29:8)\n    at Module._compile (node:internal/modules/cjs/loader:1521:14)\n    at Module._extensions..js (node:internal/modules/cjs/loader:1623:10)\n    at Module.load (node:internal/modules/cjs/loader:1266:32)\n    at Module._load (node:internal/modules/cjs/loader:1091:12)\n    at Function.executeUserEntryPoint [as runMain] (node:internal/modules/run_main:164:12)\n    at node:internal/main/run_main_module:28:49 {\n  generatedMessage: false,\n  code: 'ERR_ASSERTION',\n  actual: 1,\n  expected: 0,\n  operator: 'strictEqual'\n}\n\nNode.js v20.20.2\n&quot;).returncode">tests/test_p1_marker_pin_vitals_encounters.py:199: in test_pin_type_whitelist_rejects_inherited_object_keys
    assert result.returncode == 0, result.stderr
E   AssertionError: node:assert:90
E       throw new AssertionError(obj);
E       ^
E     
E     AssertionError [ERR_ASSERTION]: inherited property bypassed the pin type whitelist
E     
E     1 !== 0
E     
E         at Object.&lt;anonymous&gt; (/tmp/pytest-of-root/pytest-1/test_pin_type_whitelist_reject0/pin-share-harness.cjs:29:8)
E         at Module._compile (node:internal/modules/cjs/loader:1521:14)
E         at Module._extensions..js (node:internal/modules/cjs/loader:1623:10)
E         at Module.load (node:internal/modules/cjs/loader:1266:32)
E         at Module._load (node:internal/modules/cjs/loader:1091:12)
E         at Function.executeUserEntryPoint [as runMain] (node:internal/modules/run_main:164:12)
E         at node:internal/main/run_main_module:28:49 {
E       generatedMessage: false,
E       code: 'ERR_ASSERTION',
E       actual: 1,
E       expected: 0,
E       operator: 'strictEqual'
E     }
E     
E     Node.js v20.20.2
E     
E   assert 1 == 0
E    +  where 1 = CompletedProcess(args=['node', '/tmp/pytest-of-root/pytest-1/test_pin_type_whitelist_reject0/pin-share-harness.cjs'], returncode=1, stdout='', stderr="node:assert:90\n  throw new AssertionError(obj);\n  ^\n\nAssertionError [ERR_ASSERTION]: inherited property bypassed the pin type whitelist\n\n1 !== 0\n\n    at Object.&lt;anonymous&gt; (/tmp/pytest-of-root/pytest-1/test_pin_type_whitelist_reject0/pin-share-harness.cjs:29:8)\n    at Module._compile (node:internal/modules/cjs/loader:1521:14)\n    at Module._extensions..js (node:internal/modules/cjs/loader:1623:10)\n    at Module.load (node:internal/modules/cjs/loader:1266:32)\n    at Module._load (node:internal/modules/cjs/loader:1091:12)\n    at Function.executeUserEntryPoint [as runMain] (node:internal/modules/run_main:164:12)\n    at node:internal/main/run_main_module:28:49 {\n  generatedMessage: false,\n  code: 'ERR_ASSERTION',\n  actual: 1,\n  expected: 0,\n  operator: 'strictEqual'\n}\n\nNode.js v20.20.2\n").returncode</failure></testcase><testcase classname="tests.test_p1_marker_pin_vitals_encounters" name="test_vitals_warning_uses_adaptive_boundary_without_old_gate" time="0.000" /><testcase classname="tests.test_p1_marker_pin_vitals_encounters" name="test_encounter_history_is_bounded_recorded_twice_and_guarded" time="0.000" /><testcase classname="tests.test_p1_marker_pin_vitals_encounters" name="test_windows_smoke_checklist_covers_both_batches" time="0.000" /><testcase classname="tests.test_private_server_improvements" name="test_private_server_command_catalog_and_dispatch_are_consistent" time="0.002" /><testcase classname="tests.test_private_server_improvements" name="test_relay_connect_handler_is_thin_and_refactored_flow_is_complete" time="0.000" /><testcase classname="tests.test_private_server_improvements" name="test_clipboard_connect_validates_fills_and_delegates" time="0.000" /><testcase classname="tests.test_private_server_improvements" name="test_fuzzy_palette_logic_has_required_boundaries_and_scoring" time="0.000" /><testcase classname="tests.test_private_server_improvements" name="test_voice_reconnect_backoff_and_existing_gates" time="0.001" /><testcase classname="tests.test_private_server_improvements" name="test_crash_reporter_handlers_and_retention_contracts" time="0.000" /><testcase classname="tests.test_private_server_improvements" name="test_settings_schema_and_virtual_screen_restore_contracts" time="0.001" /><testcase classname="tests.test_private_server_improvements" name="test_map_script_parses_and_tile_retry_contracts_are_present" time="0.023" /><testcase classname="tests.test_private_server_improvements" name="test_failed_tiles_schedule_an_automatic_retry_after_error" time="0.000" /><testcase classname="tests.test_private_server_improvements" name="test_quickstart_documentation_exists_and_is_linked" time="0.000" /><testcase classname="tests.test_release_signing_and_species_retirement" name="test_retired_species_dom_chain_is_absent" time="0.089" /><testcase classname="tests.test_release_signing_and_species_retirement" name="test_live_species_snapshot_bridge_is_intact" time="0.001" /><testcase classname="tests.test_release_signing_and_species_retirement" name="test_controller_javascript_parses" time="0.028" /><testcase classname="tests.test_release_signing_and_species_retirement" name="test_azure_trusted_signing_is_fully_removed" time="0.000" /><testcase classname="tests.test_release_signing_and_species_retirement" name="test_release_workflow_yaml_and_permissions" time="0.005" /><testcase classname="tests.test_release_signing_and_species_retirement" name="test_certificate_signing_passthrough_is_intact" time="0.003" /><testcase classname="tests.test_release_signing_and_species_retirement" name="test_packaging_script_parses_and_keeps_certificate_route" time="0.271" /></testsuite></testsuites>