<?xml version="1.0" encoding="utf-8"?><testsuites name="pytest tests"><testsuite name="pytest" errors="0" failures="2" skipped="0" tests="10" time="0.575" timestamp="2026-07-27T01:58:04.051313+00:00" hostname="agent-env-de176600-6990-442b-9c13-7c1ff94cd6fa"><testcase classname="tests.test_release_signing_and_species_retirement" name="test_retired_species_dom_chain_is_absent" time="0.201" /><testcase classname="tests.test_release_signing_and_species_retirement" name="test_live_species_snapshot_bridge_is_intact" time="0.001" /><testcase classname="tests.test_release_signing_and_species_retirement" name="test_controller_javascript_parses" time="0.029" /><testcase classname="tests.test_release_signing_and_species_retirement" name="test_release_workflow_yaml_and_permissions" time="0.004" /><testcase classname="tests.test_release_signing_and_species_retirement" name="test_signing_steps_precede_packaging_and_share_the_gate" time="0.011" /><testcase classname="tests.test_release_signing_and_species_retirement" name="test_signing_gate_uses_supported_env_context" time="0.007"><failure message="AssertionError: GitHub does not allow direct secrets references in if conditionals; map the account secret into jobs.package.env and gate on env instead&#10;assert 'secrets.' not in &quot;${{ secrets...UNT != '' }}&quot;&#10;  &#10;  'secrets.' is contained here:&#10;    ${{ secrets.AZURE_TRUSTED_SIGNING_ACCOUNT != '' }}&#10;  ?     ++++++++">tests/test_release_signing_and_species_retirement.py:110: in test_signing_gate_uses_supported_env_context
    assert "secrets." not in gate, (
E   AssertionError: GitHub does not allow direct secrets references in if conditionals; map the account secret into jobs.package.env and gate on env instead
E   assert 'secrets.' not in "${{ secrets...UNT != '' }}"
E     
E     'secrets.' is contained here:
E       ${{ secrets.AZURE_TRUSTED_SIGNING_ACCOUNT != '' }}
E     ?     ++++++++</failure></testcase><testcase classname="tests.test_release_signing_and_species_retirement" name="test_prepared_signing_paths_are_not_shadowed_on_package_step" time="0.004"><failure message="AssertionError: Step-level env overrides the values exported through GITHUB_ENV, so the prepared Trusted Signing paths are lost: {'ISLEY_CODE_SIGN_DLIB': '${{ secrets.ISLEY_CODE_SIGN_DLIB }}', 'ISLEY_CODE_SIGN_METADATA': '${{ secrets.ISLEY_CODE_SIGN_METADATA }}'}&#10;assert not {'ISLEY_CODE_SIGN_DLIB': '${{ secrets.ISLEY_CODE_SIGN_DLIB }}', 'ISLEY_CODE_SIGN_METADATA': '${{ secrets.ISLEY_CODE_SIGN_METADATA }}'}">tests/test_release_signing_and_species_retirement.py:125: in test_prepared_signing_paths_are_not_shadowed_on_package_step
    assert not shadowed, (
E   AssertionError: Step-level env overrides the values exported through GITHUB_ENV, so the prepared Trusted Signing paths are lost: {'ISLEY_CODE_SIGN_DLIB': '${{ secrets.ISLEY_CODE_SIGN_DLIB }}', 'ISLEY_CODE_SIGN_METADATA': '${{ secrets.ISLEY_CODE_SIGN_METADATA }}'}
E   assert not {'ISLEY_CODE_SIGN_DLIB': '${{ secrets.ISLEY_CODE_SIGN_DLIB }}', 'ISLEY_CODE_SIGN_METADATA': '${{ secrets.ISLEY_CODE_SIGN_METADATA }}'}</failure></testcase><testcase classname="tests.test_release_signing_and_species_retirement" name="test_prepare_step_exports_both_signing_paths" time="0.004" /><testcase classname="tests.test_release_signing_and_species_retirement" name="test_packaging_script_parses_and_has_trusted_signing_route" time="0.274" /><testcase classname="tests.test_release_signing_and_species_retirement" name="test_runbook_documents_all_required_secrets" time="0.000" /></testsuite></testsuites>