<?xml version="1.0" encoding="utf-8"?><testsuites name="pytest tests"><testsuite name="pytest" errors="0" failures="0" skipped="0" tests="10" time="0.426" timestamp="2026-07-27T02:00:57.150747+00:00" hostname="agent-env-de176600-6990-442b-9c13-7c1ff94cd6fa"><testcase classname="tests.test_release_signing_and_species_retirement" name="test_retired_species_dom_chain_is_absent" time="0.086" /><testcase classname="tests.test_release_signing_and_species_retirement" name="test_live_species_snapshot_bridge_is_intact" time="0.001" /><testcase classname="tests.test_release_signing_and_species_retirement" name="test_controller_javascript_parses" time="0.028" /><testcase classname="tests.test_release_signing_and_species_retirement" name="test_release_workflow_yaml_and_permissions" time="0.004" /><testcase classname="tests.test_release_signing_and_species_retirement" name="test_signing_steps_precede_packaging_and_share_the_gate" time="0.011" /><testcase classname="tests.test_release_signing_and_species_retirement" name="test_signing_gate_uses_supported_env_context" time="0.007" /><testcase classname="tests.test_release_signing_and_species_retirement" name="test_prepared_signing_paths_are_not_shadowed_on_package_step" time="0.004" /><testcase classname="tests.test_release_signing_and_species_retirement" name="test_prepare_step_exports_both_signing_paths" time="0.004" /><testcase classname="tests.test_release_signing_and_species_retirement" name="test_packaging_script_parses_and_has_trusted_signing_route" time="0.260" /><testcase classname="tests.test_release_signing_and_species_retirement" name="test_runbook_documents_all_required_secrets" time="0.000" /></testsuite></testsuites>