<?xml version="1.0" encoding="utf-8"?><testsuites name="pytest tests"><testsuite name="pytest" errors="0" failures="1" skipped="0" tests="17" time="0.464" timestamp="2026-07-27T02:27:13.635481+00:00" hostname="agent-env-de176600-6990-442b-9c13-7c1ff94cd6fa"><testcase classname="tests.test_private_server_improvements" name="test_private_server_command_catalog_and_dispatch_are_consistent" time="0.002" /><testcase classname="tests.test_private_server_improvements" name="test_relay_connect_handler_is_thin_and_refactored_flow_is_complete" time="0.000" /><testcase classname="tests.test_private_server_improvements" name="test_clipboard_connect_validates_fills_and_delegates" time="0.000" /><testcase classname="tests.test_private_server_improvements" name="test_fuzzy_palette_logic_has_required_boundaries_and_scoring" time="0.000" /><testcase classname="tests.test_private_server_improvements" name="test_voice_reconnect_backoff_and_existing_gates" time="0.001" /><testcase classname="tests.test_private_server_improvements" name="test_crash_reporter_handlers_and_retention_contracts" time="0.000" /><testcase classname="tests.test_private_server_improvements" name="test_settings_schema_and_virtual_screen_restore_contracts" time="0.001" /><testcase classname="tests.test_private_server_improvements" name="test_map_script_parses_and_tile_retry_contracts_are_present" time="0.023" /><testcase classname="tests.test_private_server_improvements" name="test_failed_tiles_schedule_an_automatic_retry_after_error" time="0.000"><failure message="AssertionError: A failed tile is only eligible on a later unrelated map update; the error handler does not schedule the promised 4s/8s retry.&#10;assert ('setTimeout' in 'image.addEventListener(&quot;error&quot;, () =&gt; {\n                const prior = failedGatewayTiles.get(key);\n                if (failedGatewayTiles.size &gt; 128) failedGatewayTiles.clear();\n                failedGatewayTiles.set(key, {\n                  attempts: (prior?.attempts || 0) + 1,\n                  at: Date.now()\n                });\n                image.remove();\n              }, { once: true });\n              ')">tests/test_private_server_improvements.py:219: in test_failed_tiles_schedule_an_automatic_retry_after_error
    assert "setTimeout" in error_handler and "updateHighResolutionTiles" in error_handler, (
E   AssertionError: A failed tile is only eligible on a later unrelated map update; the error handler does not schedule the promised 4s/8s retry.
E   assert ('setTimeout' in 'image.addEventListener("error", () =&gt; {\n                const prior = failedGatewayTiles.get(key);\n                if (failedGatewayTiles.size &gt; 128) failedGatewayTiles.clear();\n                failedGatewayTiles.set(key, {\n                  attempts: (prior?.attempts || 0) + 1,\n                  at: Date.now()\n                });\n                image.remove();\n              }, { once: true });\n              ')</failure></testcase><testcase classname="tests.test_private_server_improvements" name="test_quickstart_documentation_exists_and_is_linked" time="0.000" /><testcase classname="tests.test_release_signing_and_species_retirement" name="test_retired_species_dom_chain_is_absent" time="0.085" /><testcase classname="tests.test_release_signing_and_species_retirement" name="test_live_species_snapshot_bridge_is_intact" time="0.001" /><testcase classname="tests.test_release_signing_and_species_retirement" name="test_controller_javascript_parses" time="0.031" /><testcase classname="tests.test_release_signing_and_species_retirement" name="test_azure_trusted_signing_is_fully_removed" time="0.000" /><testcase classname="tests.test_release_signing_and_species_retirement" name="test_release_workflow_yaml_and_permissions" time="0.005" /><testcase classname="tests.test_release_signing_and_species_retirement" name="test_certificate_signing_passthrough_is_intact" time="0.003" /><testcase classname="tests.test_release_signing_and_species_retirement" name="test_packaging_script_parses_and_keeps_certificate_route" time="0.242" /></testsuite></testsuites>